{"C:\\Dropbox\\TootEgozy\\AppleSeeds\\Exercises\\WeekendAssignments\\Bootcamp-API\\script.js": {"path":"C:\\Dropbox\\TootEgozy\\AppleSeeds\\Exercises\\WeekendAssignments\\Bootcamp-API\\script.js","statementMap":{"0":{"start":{"line":4,"column":15},"end":{"line":4,"column":19}},"1":{"start":{"line":5,"column":13},"end":{"line":5,"column":17}},"2":{"start":{"line":8,"column":18},"end":{"line":8,"column":65}},"3":{"start":{"line":10,"column":25},"end":{"line":10,"column":81}},"4":{"start":{"line":14,"column":19},"end":{"line":14,"column":53}},"5":{"start":{"line":15,"column":19},"end":{"line":15,"column":111}},"6":{"start":{"line":19,"column":18},"end":{"line":19,"column":20}},"7":{"start":{"line":24,"column":17},"end":{"line":24,"column":19}},"8":{"start":{"line":30,"column":8},"end":{"line":37,"column":27}},"9":{"start":{"line":40,"column":21},"end":{"line":40,"column":30}},"10":{"start":{"line":41,"column":25},"end":{"line":41,"column":43}},"11":{"start":{"line":42,"column":28},"end":{"line":42,"column":56}},"12":{"start":{"line":45,"column":8},"end":{"line":47,"column":9}},"13":{"start":{"line":45,"column":20},"end":{"line":45,"column":21}},"14":{"start":{"line":46,"column":12},"end":{"line":46,"column":63}},"15":{"start":{"line":46,"column":45},"end":{"line":46,"column":63}},"16":{"start":{"line":61,"column":0},"end":{"line":61,"column":26}}},"fnMap":{"0":{"name":"(anonymous_0)","decl":{"start":{"line":29,"column":4},"end":{"line":29,"column":5}},"loc":{"start":{"line":29,"column":77},"end":{"line":38,"column":5}},"line":29},"1":{"name":"(anonymous_1)","decl":{"start":{"line":39,"column":4},"end":{"line":39,"column":5}},"loc":{"start":{"line":39,"column":35},"end":{"line":49,"column":5}},"line":39}},"branchMap":{"0":{"loc":{"start":{"line":46,"column":12},"end":{"line":46,"column":63}},"type":"if","locations":[{"start":{"line":46,"column":12},"end":{"line":46,"column":63}},{"start":{"line":46,"column":12},"end":{"line":46,"column":63}}],"line":46}},"s":{"0":1,"1":1,"2":1,"3":1,"4":1,"5":1,"6":1,"7":1,"8":1,"9":1,"10":1,"11":1,"12":0,"13":0,"14":0,"15":0,"16":1},"f":{"0":1,"1":1},"b":{"0":[0,0]},"_coverageSchema":"1a1c01bbd47fc00a2c39e90264f33305004495a9","hash":"3b647564d017b2a5993ffa633b326db510fb3be1"}
}
