{"C:\\Dropbox\\TootEgozy\\AppleSeeds\\Exercises\\WeekendAssignments\\Bootcamp-API\\script.js": {"path":"C:\\Dropbox\\TootEgozy\\AppleSeeds\\Exercises\\WeekendAssignments\\Bootcamp-API\\script.js","statementMap":{"0":{"start":{"line":2,"column":4},"end":{"line":2,"column":15}},"1":{"start":{"line":5,"column":0},"end":{"line":5,"column":23}}},"fnMap":{"0":{"name":"sum","decl":{"start":{"line":1,"column":9},"end":{"line":1,"column":12}},"loc":{"start":{"line":1,"column":19},"end":{"line":3,"column":1}},"line":1}},"branchMap":{},"s":{"0":1,"1":1},"f":{"0":1},"b":{},"_coverageSchema":"1a1c01bbd47fc00a2c39e90264f33305004495a9","hash":"e3fdf5c34114f30ab04a9f3bbe8e80dd4d90848d"}
}
